# JRE version: Java(TM) SE Runtime Environment (8.0_181-b13) (build 1.8.0_181-b13)
# Java VM: Java HotSpot(TM) 64-Bit Server VM (25.181-b13 mixed mode linux-amd64 compressed oops)
Heap:
 PSYoungGen      total 229376K, used 9770K [0x00000000d6f80000, 0x00000000eb980000, 0x0000000100000000)
  eden space 209920K, 4% used [0x00000000d6f80000,0x00000000d78d28a8,0x00000000e3c80000)
  from space 19456K, 1% used [0x00000000ea680000,0x00000000ea6b8000,0x00000000eb980000)
  to   space 64000K, 0% used [0x00000000e3c80000,0x00000000e3c80000,0x00000000e7b00000)
 ParOldGen       total 155648K, used 55499K [0x0000000084e00000, 0x000000008e600000, 0x00000000d6f80000)
  object space 155648K, 35% used [0x0000000084e00000,0x0000000088432ca8,0x000000008e600000)
 Metaspace       used 19070K, capacity 19482K, committed 19840K, reserved 1067008K
  class space    used 2254K, capacity 2387K, committed 2432K, reserved 1048576K
GC Heap History (10 events):
Event: 1.561 GC heap before
{Heap before GC invocations=3 (full 0):
 PSYoungGen      total 68608K, used 68599K [0x00000000d6f80000, 0x00000000db780000, 0x0000000100000000)
  eden space 63488K, 100% used [0x00000000d6f80000,0x00000000dad80000,0x00000000dad80000)
  from space 5120K, 99% used [0x00000000db280000,0x00000000db77dc20,0x00000000db780000)
  to   space 5120K, 0% used [0x00000000dad80000,0x00000000dad80000,0x00000000db280000)
 ParOldGen       total 84992K, used 1557K [0x0000000084e00000, 0x000000008a100000, 0x00000000d6f80000)
  object space 84992K, 1% used [0x0000000084e00000,0x0000000084f85750,0x000000008a100000)
 Metaspace       used 15469K, capacity 15682K, committed 15872K, reserved 1062912K
  class space    used 1884K, capacity 1971K, committed 2048K, reserved 1048576K
Event: 1.577 GC heap after
Heap after GC invocations=3 (full 0):
 PSYoungGen      total 68608K, used 5088K [0x00000000d6f80000, 0x00000000df580000, 0x0000000100000000)
  eden space 63488K, 0% used [0x00000000d6f80000,0x00000000d6f80000,0x00000000dad80000)
  from space 5120K, 99% used [0x00000000dad80000,0x00000000db278040,0x00000000db280000)
  to   space 5120K, 0% used [0x00000000df080000,0x00000000df080000,0x00000000df580000)
 ParOldGen       total 84992K, used 6986K [0x0000000084e00000, 0x000000008a100000, 0x00000000d6f80000)
  object space 84992K, 8% used [0x0000000084e00000,0x00000000854d2b60,0x000000008a100000)
 Metaspace       used 15469K, capacity 15682K, committed 15872K, reserved 1062912K
  class space    used 1884K, capacity 1971K, committed 2048K, reserved 1048576K
}
Event: 2.750 GC heap before
{Heap before GC invocations=4 (full 0):
 PSYoungGen      total 68608K, used 68576K [0x00000000d6f80000, 0x00000000df580000, 0x0000000100000000)
  eden space 63488K, 100% used [0x00000000d6f80000,0x00000000dad80000,0x00000000dad80000)
  from space 5120K, 99% used [0x00000000dad80000,0x00000000db278040,0x00000000db280000)
  to   space 5120K, 0% used [0x00000000df080000,0x00000000df080000,0x00000000df580000)
 ParOldGen       total 84992K, used 6986K [0x0000000084e00000, 0x000000008a100000, 0x00000000d6f80000)
  object space 84992K, 8% used [0x0000000084e00000,0x00000000854d2b60,0x000000008a100000)
 Metaspace       used 18858K, capacity 19284K, committed 19584K, reserved 1067008K
  class space    used 2240K, capacity 2386K, committed 2432K, reserved 1048576K
Event: 2.771 GC heap after
Heap after GC invocations=4 (full 0):
 PSYoungGen      total 132096K, used 5099K [0x00000000d6f80000, 0x00000000df580000, 0x0000000100000000)
  eden space 126976K, 0% used [0x00000000d6f80000,0x00000000d6f80000,0x00000000deb80000)
  from space 5120K, 99% used [0x00000000df080000,0x00000000df57ae28,0x00000000df580000)
  to   space 5120K, 0% used [0x00000000deb80000,0x00000000deb80000,0x00000000df080000)
 ParOldGen       total 84992K, used 32757K [0x0000000084e00000, 0x000000008a100000, 0x00000000d6f80000)
  object space 84992K, 38% used [0x0000000084e00000,0x0000000086dfd660,0x000000008a100000)
 Metaspace       used 18858K, capacity 19284K, committed 19584K, reserved 1067008K
  class space    used 2240K, capacity 2386K, committed 2432K, reserved 1048576K
}
Event: 3.303 GC heap before
{Heap before GC invocations=5 (full 0):
 PSYoungGen      total 132096K, used 130798K [0x00000000d6f80000, 0x00000000df580000, 0x0000000100000000)
  eden space 126976K, 98% used [0x00000000d6f80000,0x00000000dea40b38,0x00000000deb80000)
  from space 5120K, 99% used [0x00000000df080000,0x00000000df57ae28,0x00000000df580000)
  to   space 5120K, 0% used [0x00000000deb80000,0x00000000deb80000,0x00000000df080000)
 ParOldGen       total 84992K, used 32757K [0x0000000084e00000, 0x000000008a100000, 0x00000000d6f80000)
  object space 84992K, 38% used [0x0000000084e00000,0x0000000086dfd660,0x000000008a100000)
 Metaspace       used 18958K, capacity 19354K, committed 19584K, reserved 1067008K
  class space    used 2245K, capacity 2387K, committed 2432K, reserved 1048576K
Event: 3.348 GC heap after
Heap after GC invocations=5 (full 0):
 PSYoungGen      total 132096K, used 5093K [0x00000000d6f80000, 0x00000000ee580000, 0x0000000100000000)
  eden space 126976K, 0% used [0x00000000d6f80000,0x00000000d6f80000,0x00000000deb80000)
  from space 5120K, 99% used [0x00000000deb80000,0x00000000df0797d0,0x00000000df080000)
  to   space 64512K, 0% used [0x00000000ea680000,0x00000000ea680000,0x00000000ee580000)
 ParOldGen       total 99328K, used 96689K [0x0000000084e00000, 0x000000008af00000, 0x00000000d6f80000)
  object space 99328K, 97% used [0x0000000084e00000,0x000000008ac6c700,0x000000008af00000)
 Metaspace       used 18958K, capacity 19354K, committed 19584K, reserved 1067008K
  class space    used 2245K, capacity 2387K, committed 2432K, reserved 1048576K
}
Event: 3.348 GC heap before
{Heap before GC invocations=6 (full 1):
 PSYoungGen      total 132096K, used 5093K [0x00000000d6f80000, 0x00000000ee580000, 0x0000000100000000)
  eden space 126976K, 0% used [0x00000000d6f80000,0x00000000d6f80000,0x00000000deb80000)
  from space 5120K, 99% used [0x00000000deb80000,0x00000000df0797d0,0x00000000df080000)
  to   space 64512K, 0% used [0x00000000ea680000,0x00000000ea680000,0x00000000ee580000)
 ParOldGen       total 99328K, used 96689K [0x0000000084e00000, 0x000000008af00000, 0x00000000d6f80000)
  object space 99328K, 97% used [0x0000000084e00000,0x000000008ac6c700,0x000000008af00000)
 Metaspace       used 18958K, capacity 19354K, committed 19584K, reserved 1067008K
  class space    used 2245K, capacity 2387K, committed 2432K, reserved 1048576K
Event: 3.397 GC heap after
Heap after GC invocations=6 (full 1):
 PSYoungGen      total 132096K, used 0K [0x00000000d6f80000, 0x00000000ee580000, 0x0000000100000000)
  eden space 126976K, 0% used [0x00000000d6f80000,0x00000000d6f80000,0x00000000deb80000)
  from space 5120K, 0% used [0x00000000deb80000,0x00000000deb80000,0x00000000df080000)
  to   space 64512K, 0% used [0x00000000ea680000,0x00000000ea680000,0x00000000ee580000)
 ParOldGen       total 155648K, used 55491K [0x0000000084e00000, 0x000000008e600000, 0x00000000d6f80000)
  object space 155648K, 35% used [0x0000000084e00000,0x0000000088430ca8,0x000000008e600000)
 Metaspace       used 18958K, capacity 19354K, committed 19584K, reserved 1067008K
  class space    used 2245K, capacity 2387K, committed 2432K, reserved 1048576K
}
Event: 4.301 GC heap before
{Heap before GC invocations=7 (full 1):
 PSYoungGen      total 132096K, used 125592K [0x00000000d6f80000, 0x00000000ee580000, 0x0000000100000000)
  eden space 126976K, 98% used [0x00000000d6f80000,0x00000000dea26100,0x00000000deb80000)
  from space 5120K, 0% used [0x00000000deb80000,0x00000000deb80000,0x00000000df080000)
  to   space 64512K, 0% used [0x00000000ea680000,0x00000000ea680000,0x00000000ee580000)
 ParOldGen       total 155648K, used 55491K [0x0000000084e00000, 0x000000008e600000, 0x00000000d6f80000)
  object space 155648K, 35% used [0x0000000084e00000,0x0000000088430ca8,0x000000008e600000)
 Metaspace       used 19055K, capacity 19482K, committed 19840K, reserved 1067008K
  class space    used 2252K, capacity 2387K, committed 2432K, reserved 1048576K
Event: 4.302 GC heap after
Heap after GC invocations=7 (full 1):
 PSYoungGen      total 229376K, used 224K [0x00000000d6f80000, 0x00000000eb980000, 0x0000000100000000)
  eden space 209920K, 0% used [0x00000000d6f80000,0x00000000d6f80000,0x00000000e3c80000)
  from space 19456K, 1% used [0x00000000ea680000,0x00000000ea6b8000,0x00000000eb980000)
  to   space 64000K, 0% used [0x00000000e3c80000,0x00000000e3c80000,0x00000000e7b00000)
 ParOldGen       total 155648K, used 55499K [0x0000000084e00000, 0x000000008e600000, 0x00000000d6f80000)
  object space 155648K, 35% used [0x0000000084e00000,0x0000000088432ca8,0x000000008e600000)
 Metaspace       used 19055K, capacity 19482K, committed 19840K, reserved 1067008K
  class space    used 2252K, capacity 2387K, committed 2432K, reserved 1048576K
}

