# JRE version: Java(TM) SE Runtime Environment (8.0_181-b13) (build 1.8.0_181-b13)
# Java VM: Java HotSpot(TM) 64-Bit Server VM (25.181-b13 mixed mode linux-amd64 compressed oops)
Heap:
 PSYoungGen      total 79872K, used 26138K [0x00000000d6f80000, 0x00000000df580000, 0x0000000100000000)
  eden space 74752K, 28% used [0x00000000d6f80000,0x00000000d8407848,0x00000000db880000)
  from space 5120K, 99% used [0x00000000df080000,0x00000000df57f378,0x00000000df580000)
  to   space 5120K, 0% used [0x00000000deb80000,0x00000000deb80000,0x00000000df080000)
 ParOldGen       total 110080K, used 43795K [0x0000000084e00000, 0x000000008b980000, 0x00000000d6f80000)
  object space 110080K, 39% used [0x0000000084e00000,0x00000000878c4f20,0x000000008b980000)
 Metaspace       used 25876K, capacity 25923K, committed 26112K, reserved 1071104K
  class space    used 3532K, capacity 3554K, committed 3584K, reserved 1048576K
GC Heap History (10 events):
Event: 0.504 GC heap before
{Heap before GC invocations=1 (full 0):
 PSYoungGen      total 36864K, used 31744K [0x00000000d6f80000, 0x00000000d9880000, 0x0000000100000000)
  eden space 31744K, 100% used [0x00000000d6f80000,0x00000000d8e80000,0x00000000d8e80000)
  from space 5120K, 0% used [0x00000000d9380000,0x00000000d9380000,0x00000000d9880000)
  to   space 5120K, 0% used [0x00000000d8e80000,0x00000000d8e80000,0x00000000d9380000)
 ParOldGen       total 84992K, used 0K [0x0000000084e00000, 0x000000008a100000, 0x00000000d6f80000)
  object space 84992K, 0% used [0x0000000084e00000,0x0000000084e00000,0x000000008a100000)
 Metaspace       used 12304K, capacity 12350K, committed 12672K, reserved 1060864K
  class space    used 1820K, capacity 1826K, committed 1920K, reserved 1048576K
Event: 0.520 GC heap after
Heap after GC invocations=1 (full 0):
 PSYoungGen      total 36864K, used 5088K [0x00000000d6f80000, 0x00000000db780000, 0x0000000100000000)
  eden space 31744K, 0% used [0x00000000d6f80000,0x00000000d6f80000,0x00000000d8e80000)
  from space 5120K, 99% used [0x00000000d8e80000,0x00000000d9378060,0x00000000d9380000)
  to   space 5120K, 0% used [0x00000000db280000,0x00000000db280000,0x00000000db780000)
 ParOldGen       total 84992K, used 12611K [0x0000000084e00000, 0x000000008a100000, 0x00000000d6f80000)
  object space 84992K, 14% used [0x0000000084e00000,0x0000000085a50d18,0x000000008a100000)
 Metaspace       used 12304K, capacity 12350K, committed 12672K, reserved 1060864K
  class space    used 1820K, capacity 1826K, committed 1920K, reserved 1048576K
}
Event: 1.183 GC heap before
{Heap before GC invocations=2 (full 0):
 PSYoungGen      total 36864K, used 36832K [0x00000000d6f80000, 0x00000000db780000, 0x0000000100000000)
  eden space 31744K, 100% used [0x00000000d6f80000,0x00000000d8e80000,0x00000000d8e80000)
  from space 5120K, 99% used [0x00000000d8e80000,0x00000000d9378060,0x00000000d9380000)
  to   space 5120K, 0% used [0x00000000db280000,0x00000000db280000,0x00000000db780000)
 ParOldGen       total 84992K, used 12611K [0x0000000084e00000, 0x000000008a100000, 0x00000000d6f80000)
  object space 84992K, 14% used [0x0000000084e00000,0x0000000085a50d18,0x000000008a100000)
 Metaspace       used 18564K, capacity 18622K, committed 18816K, reserved 1064960K
  class space    used 2655K, capacity 2658K, committed 2688K, reserved 1048576K
Event: 1.203 GC heap after
Heap after GC invocations=2 (full 0):
 PSYoungGen      total 68608K, used 5088K [0x00000000d6f80000, 0x00000000db780000, 0x0000000100000000)
  eden space 63488K, 0% used [0x00000000d6f80000,0x00000000d6f80000,0x00000000dad80000)
  from space 5120K, 99% used [0x00000000db280000,0x00000000db778040,0x00000000db780000)
  to   space 5120K, 0% used [0x00000000dad80000,0x00000000dad80000,0x00000000db280000)
 ParOldGen       total 84992K, used 26205K [0x0000000084e00000, 0x000000008a100000, 0x00000000d6f80000)
  object space 84992K, 30% used [0x0000000084e00000,0x0000000086797580,0x000000008a100000)
 Metaspace       used 18564K, capacity 18622K, committed 18816K, reserved 1064960K
  class space    used 2655K, capacity 2658K, committed 2688K, reserved 1048576K
}
Event: 1.810 GC heap before
{Heap before GC invocations=3 (full 0):
 PSYoungGen      total 68608K, used 33611K [0x00000000d6f80000, 0x00000000db780000, 0x0000000100000000)
  eden space 63488K, 44% used [0x00000000d6f80000,0x00000000d8b5add0,0x00000000dad80000)
  from space 5120K, 99% used [0x00000000db280000,0x00000000db778040,0x00000000db780000)
  to   space 5120K, 0% used [0x00000000dad80000,0x00000000dad80000,0x00000000db280000)
 ParOldGen       total 84992K, used 26205K [0x0000000084e00000, 0x000000008a100000, 0x00000000d6f80000)
  object space 84992K, 30% used [0x0000000084e00000,0x0000000086797580,0x000000008a100000)
 Metaspace       used 21009K, capacity 21027K, committed 21248K, reserved 1067008K
  class space    used 2934K, capacity 2946K, committed 3072K, reserved 1048576K
Event: 1.827 GC heap after
Heap after GC invocations=3 (full 0):
 PSYoungGen      total 68608K, used 5088K [0x00000000d6f80000, 0x00000000df580000, 0x0000000100000000)
  eden space 63488K, 0% used [0x00000000d6f80000,0x00000000d6f80000,0x00000000dad80000)
  from space 5120K, 99% used [0x00000000dad80000,0x00000000db278020,0x00000000db280000)
  to   space 5120K, 0% used [0x00000000df080000,0x00000000df080000,0x00000000df580000)
 ParOldGen       total 84992K, used 33169K [0x0000000084e00000, 0x000000008a100000, 0x00000000d6f80000)
  object space 84992K, 39% used [0x0000000084e00000,0x0000000086e64568,0x000000008a100000)
 Metaspace       used 21009K, capacity 21027K, committed 21248K, reserved 1067008K
  class space    used 2934K, capacity 2946K, committed 3072K, reserved 1048576K
}
Event: 1.827 GC heap before
{Heap before GC invocations=4 (full 1):
 PSYoungGen      total 68608K, used 5088K [0x00000000d6f80000, 0x00000000df580000, 0x0000000100000000)
  eden space 63488K, 0% used [0x00000000d6f80000,0x00000000d6f80000,0x00000000dad80000)
  from space 5120K, 99% used [0x00000000dad80000,0x00000000db278020,0x00000000db280000)
  to   space 5120K, 0% used [0x00000000df080000,0x00000000df080000,0x00000000df580000)
 ParOldGen       total 84992K, used 33169K [0x0000000084e00000, 0x000000008a100000, 0x00000000d6f80000)
  object space 84992K, 39% used [0x0000000084e00000,0x0000000086e64568,0x000000008a100000)
 Metaspace       used 21009K, capacity 21027K, committed 21248K, reserved 1067008K
  class space    used 2934K, capacity 2946K, committed 3072K, reserved 1048576K
Event: 2.039 GC heap after
Heap after GC invocations=4 (full 1):
 PSYoungGen      total 68608K, used 0K [0x00000000d6f80000, 0x00000000df580000, 0x0000000100000000)
  eden space 63488K, 0% used [0x00000000d6f80000,0x00000000d6f80000,0x00000000dad80000)
  from space 5120K, 0% used [0x00000000dad80000,0x00000000dad80000,0x00000000db280000)
  to   space 5120K, 0% used [0x00000000df080000,0x00000000df080000,0x00000000df580000)
 ParOldGen       total 110080K, used 37376K [0x0000000084e00000, 0x000000008b980000, 0x00000000d6f80000)
  object space 110080K, 33% used [0x0000000084e00000,0x0000000087280258,0x000000008b980000)
 Metaspace       used 21009K, capacity 21027K, committed 21248K, reserved 1067008K
  class space    used 2934K, capacity 2946K, committed 3072K, reserved 1048576K
}
Event: 4.017 GC heap before
{Heap before GC invocations=5 (full 1):
 PSYoungGen      total 68608K, used 63488K [0x00000000d6f80000, 0x00000000df580000, 0x0000000100000000)
  eden space 63488K, 100% used [0x00000000d6f80000,0x00000000dad80000,0x00000000dad80000)
  from space 5120K, 0% used [0x00000000dad80000,0x00000000dad80000,0x00000000db280000)
  to   space 5120K, 0% used [0x00000000df080000,0x00000000df080000,0x00000000df580000)
 ParOldGen       total 110080K, used 37376K [0x0000000084e00000, 0x000000008b980000, 0x00000000d6f80000)
  object space 110080K, 33% used [0x0000000084e00000,0x0000000087280258,0x000000008b980000)
 Metaspace       used 25543K, capacity 25571K, committed 25856K, reserved 1071104K
  class space    used 3520K, capacity 3522K, committed 3584K, reserved 1048576K
Event: 4.030 GC heap after
Heap after GC invocations=5 (full 1):
 PSYoungGen      total 79872K, used 5116K [0x00000000d6f80000, 0x00000000df580000, 0x0000000100000000)
  eden space 74752K, 0% used [0x00000000d6f80000,0x00000000d6f80000,0x00000000db880000)
  from space 5120K, 99% used [0x00000000df080000,0x00000000df57f378,0x00000000df580000)
  to   space 5120K, 0% used [0x00000000deb80000,0x00000000deb80000,0x00000000df080000)
 ParOldGen       total 110080K, used 43795K [0x0000000084e00000, 0x000000008b980000, 0x00000000d6f80000)
  object space 110080K, 39% used [0x0000000084e00000,0x00000000878c4f20,0x000000008b980000)
 Metaspace       used 25543K, capacity 25571K, committed 25856K, reserved 1071104K
  class space    used 3520K, capacity 3522K, committed 3584K, reserved 1048576K
}

