# JRE version: Java(TM) SE Runtime Environment (8.0_181-b13) (build 1.8.0_181-b13)
# Java VM: Java HotSpot(TM) 64-Bit Server VM (25.181-b13 mixed mode linux-amd64 compressed oops)
Heap:
 PSYoungGen      total 89600K, used 89587K [0x00000000d6f80000, 0x00000000df100000, 0x0000000100000000)
  eden space 84480K, 100% used [0x00000000d6f80000,0x00000000dc200000,0x00000000dc200000)
  from space 5120K, 99% used [0x00000000deb80000,0x00000000df07cda0,0x00000000df080000)
  to   space 512K, 100% used [0x00000000df080000,0x00000000df100000,0x00000000df100000)
 ParOldGen       total 110592K, used 62097K [0x0000000084e00000, 0x000000008ba00000, 0x00000000d6f80000)
  object space 110592K, 56% used [0x0000000084e00000,0x0000000088aa66a8,0x000000008ba00000)
 Metaspace       used 26743K, capacity 26819K, committed 27008K, reserved 1073152K
  class space    used 3593K, capacity 3618K, committed 3712K, reserved 1048576K
GC Heap History (10 events):
Event: 1.216 GC heap after
Heap after GC invocations=2 (full 0):
 PSYoungGen      total 68608K, used 5116K [0x00000000d6f80000, 0x00000000db780000, 0x0000000100000000)
  eden space 63488K, 0% used [0x00000000d6f80000,0x00000000d6f80000,0x00000000dad80000)
  from space 5120K, 99% used [0x00000000db280000,0x00000000db77f3d0,0x00000000db780000)
  to   space 5120K, 0% used [0x00000000dad80000,0x00000000dad80000,0x00000000db280000)
 ParOldGen       total 84992K, used 26236K [0x0000000084e00000, 0x000000008a100000, 0x00000000d6f80000)
  object space 84992K, 30% used [0x0000000084e00000,0x000000008679f3a8,0x000000008a100000)
 Metaspace       used 18551K, capacity 18558K, committed 18816K, reserved 1064960K
  class space    used 2656K, capacity 2658K, committed 2688K, reserved 1048576K
}
Event: 1.853 GC heap before
{Heap before GC invocations=3 (full 0):
 PSYoungGen      total 68608K, used 31215K [0x00000000d6f80000, 0x00000000db780000, 0x0000000100000000)
  eden space 63488K, 41% used [0x00000000d6f80000,0x00000000d88fca68,0x00000000dad80000)
  from space 5120K, 99% used [0x00000000db280000,0x00000000db77f3d0,0x00000000db780000)
  to   space 5120K, 0% used [0x00000000dad80000,0x00000000dad80000,0x00000000db280000)
 ParOldGen       total 84992K, used 26236K [0x0000000084e00000, 0x000000008a100000, 0x00000000d6f80000)
  object space 84992K, 30% used [0x0000000084e00000,0x000000008679f3a8,0x000000008a100000)
 Metaspace       used 21004K, capacity 21027K, committed 21248K, reserved 1067008K
  class space    used 2930K, capacity 2946K, committed 3072K, reserved 1048576K
Event: 1.870 GC heap after
Heap after GC invocations=3 (full 0):
 PSYoungGen      total 68608K, used 5114K [0x00000000d6f80000, 0x00000000df580000, 0x0000000100000000)
  eden space 63488K, 0% used [0x00000000d6f80000,0x00000000d6f80000,0x00000000dad80000)
  from space 5120K, 99% used [0x00000000dad80000,0x00000000db27eb90,0x00000000db280000)
  to   space 5120K, 0% used [0x00000000df080000,0x00000000df080000,0x00000000df580000)
 ParOldGen       total 84992K, used 32405K [0x0000000084e00000, 0x000000008a100000, 0x00000000d6f80000)
  object space 84992K, 38% used [0x0000000084e00000,0x0000000086da5420,0x000000008a100000)
 Metaspace       used 21004K, capacity 21027K, committed 21248K, reserved 1067008K
  class space    used 2930K, capacity 2946K, committed 3072K, reserved 1048576K
}
Event: 1.870 GC heap before
{Heap before GC invocations=4 (full 1):
 PSYoungGen      total 68608K, used 5114K [0x00000000d6f80000, 0x00000000df580000, 0x0000000100000000)
  eden space 63488K, 0% used [0x00000000d6f80000,0x00000000d6f80000,0x00000000dad80000)
  from space 5120K, 99% used [0x00000000dad80000,0x00000000db27eb90,0x00000000db280000)
  to   space 5120K, 0% used [0x00000000df080000,0x00000000df080000,0x00000000df580000)
 ParOldGen       total 84992K, used 32405K [0x0000000084e00000, 0x000000008a100000, 0x00000000d6f80000)
  object space 84992K, 38% used [0x0000000084e00000,0x0000000086da5420,0x000000008a100000)
 Metaspace       used 21004K, capacity 21027K, committed 21248K, reserved 1067008K
  class space    used 2930K, capacity 2946K, committed 3072K, reserved 1048576K
Event: 2.132 GC heap after
Heap after GC invocations=4 (full 1):
 PSYoungGen      total 68608K, used 0K [0x00000000d6f80000, 0x00000000df580000, 0x0000000100000000)
  eden space 63488K, 0% used [0x00000000d6f80000,0x00000000d6f80000,0x00000000dad80000)
  from space 5120K, 0% used [0x00000000dad80000,0x00000000dad80000,0x00000000db280000)
  to   space 5120K, 0% used [0x00000000df080000,0x00000000df080000,0x00000000df580000)
 ParOldGen       total 110592K, used 36726K [0x0000000084e00000, 0x000000008ba00000, 0x00000000d6f80000)
  object space 110592K, 33% used [0x0000000084e00000,0x00000000871ddbe0,0x000000008ba00000)
 Metaspace       used 21004K, capacity 21027K, committed 21248K, reserved 1067008K
  class space    used 2930K, capacity 2946K, committed 3072K, reserved 1048576K
}
Event: 4.022 GC heap before
{Heap before GC invocations=5 (full 1):
 PSYoungGen      total 68608K, used 63488K [0x00000000d6f80000, 0x00000000df580000, 0x0000000100000000)
  eden space 63488K, 100% used [0x00000000d6f80000,0x00000000dad80000,0x00000000dad80000)
  from space 5120K, 0% used [0x00000000dad80000,0x00000000dad80000,0x00000000db280000)
  to   space 5120K, 0% used [0x00000000df080000,0x00000000df080000,0x00000000df580000)
 ParOldGen       total 110592K, used 36726K [0x0000000084e00000, 0x000000008ba00000, 0x00000000d6f80000)
  object space 110592K, 33% used [0x0000000084e00000,0x00000000871ddbe0,0x000000008ba00000)
 Metaspace       used 25455K, capacity 25507K, committed 25856K, reserved 1071104K
  class space    used 3519K, capacity 3522K, committed 3584K, reserved 1048576K
Event: 4.036 GC heap after
Heap after GC invocations=5 (full 1):
 PSYoungGen      total 78848K, used 5088K [0x00000000d6f80000, 0x00000000df580000, 0x0000000100000000)
  eden space 73728K, 0% used [0x00000000d6f80000,0x00000000d6f80000,0x00000000db780000)
  from space 5120K, 99% used [0x00000000df080000,0x00000000df578030,0x00000000df580000)
  to   space 5120K, 0% used [0x00000000deb80000,0x00000000deb80000,0x00000000df080000)
 ParOldGen       total 110592K, used 43297K [0x0000000084e00000, 0x000000008ba00000, 0x00000000d6f80000)
  object space 110592K, 39% used [0x0000000084e00000,0x00000000878485a0,0x000000008ba00000)
 Metaspace       used 25455K, capacity 25507K, committed 25856K, reserved 1071104K
  class space    used 3519K, capacity 3522K, committed 3584K, reserved 1048576K
}
Event: 5.478 GC heap before
{Heap before GC invocations=6 (full 1):
 PSYoungGen      total 78848K, used 78816K [0x00000000d6f80000, 0x00000000df580000, 0x0000000100000000)
  eden space 73728K, 100% used [0x00000000d6f80000,0x00000000db780000,0x00000000db780000)
  from space 5120K, 99% used [0x00000000df080000,0x00000000df578030,0x00000000df580000)
  to   space 5120K, 0% used [0x00000000deb80000,0x00000000deb80000,0x00000000df080000)
 ParOldGen       total 110592K, used 43297K [0x0000000084e00000, 0x000000008ba00000, 0x00000000d6f80000)
  object space 110592K, 39% used [0x0000000084e00000,0x00000000878485a0,0x000000008ba00000)
 Metaspace       used 26477K, capacity 26563K, committed 26752K, reserved 1073152K
  class space    used 3586K, capacity 3618K, committed 3712K, reserved 1048576K
Event: 5.495 GC heap after
Heap after GC invocations=6 (full 1):
 PSYoungGen      total 89600K, used 5107K [0x00000000d6f80000, 0x00000000df100000, 0x0000000100000000)
  eden space 84480K, 0% used [0x00000000d6f80000,0x00000000d6f80000,0x00000000dc200000)
  from space 5120K, 99% used [0x00000000deb80000,0x00000000df07cda0,0x00000000df080000)
  to   space 512K, 0% used [0x00000000df080000,0x00000000df080000,0x00000000df100000)
 ParOldGen       total 110592K, used 51812K [0x0000000084e00000, 0x000000008ba00000, 0x00000000d6f80000)
  object space 110592K, 46% used [0x0000000084e00000,0x0000000088099030,0x000000008ba00000)
 Metaspace       used 26477K, capacity 26563K, committed 26752K, reserved 1073152K
  class space    used 3586K, capacity 3618K, committed 3712K, reserved 1048576K
}
Event: 6.425 GC heap before
{Heap before GC invocations=7 (full 1):
 PSYoungGen      total 89600K, used 89587K [0x00000000d6f80000, 0x00000000df100000, 0x0000000100000000)
  eden space 84480K, 100% used [0x00000000d6f80000,0x00000000dc200000,0x00000000dc200000)
  from space 5120K, 99% used [0x00000000deb80000,0x00000000df07cda0,0x00000000df080000)
  to   space 512K, 0% used [0x00000000df080000,0x00000000df080000,0x00000000df100000)
 ParOldGen       total 110592K, used 51812K [0x0000000084e00000, 0x000000008ba00000, 0x00000000d6f80000)
  object space 110592K, 46% used [0x0000000084e00000,0x0000000088099030,0x000000008ba00000)
 Metaspace       used 26743K, capacity 26819K, committed 27008K, reserved 1073152K
  class space    used 3593K, capacity 3618K, committed 3712K, reserved 1048576K

