# JRE version: Java(TM) SE Runtime Environment (8.0_181-b13) (build 1.8.0_181-b13)
# Java VM: Java HotSpot(TM) 64-Bit Server VM (25.181-b13 mixed mode linux-amd64 compressed oops)
Heap:
 PSYoungGen      total 145920K, used 120832K [0x00000000d6f80000, 0x00000000e1f80000, 0x0000000100000000)
  eden space 120832K, 100% used [0x00000000d6f80000,0x00000000de580000,0x00000000de580000)
  from space 25088K, 0% used [0x00000000e0080000,0x00000000e0080000,0x00000000e1900000)
  to   space 27648K, 63% used [0x00000000de580000,0x00000000df690030,0x00000000e0080000)
 ParOldGen       total 190464K, used 68805K [0x0000000084e00000, 0x0000000090800000, 0x00000000d6f80000)
  object space 190464K, 36% used [0x0000000084e00000,0x0000000089131650,0x0000000090800000)
 Metaspace       used 38189K, capacity 38243K, committed 38488K, reserved 1083392K
  class space    used 4924K, capacity 4930K, committed 4952K, reserved 1048576K
GC Heap History (10 events):
Event: 9.249 GC heap after
Heap after GC invocations=10 (full 1):
 PSYoungGen      total 132608K, used 4416K [0x00000000d6f80000, 0x00000000e0e80000, 0x0000000100000000)
  eden space 109568K, 0% used [0x00000000d6f80000,0x00000000d6f80000,0x00000000dda80000)
  from space 23040K, 19% used [0x00000000dda80000,0x00000000dded0000,0x00000000df100000)
  to   space 23040K, 0% used [0x00000000df800000,0x00000000df800000,0x00000000e0e80000)
 ParOldGen       total 111616K, used 62621K [0x0000000084e00000, 0x000000008bb00000, 0x00000000d6f80000)
  object space 111616K, 56% used [0x0000000084e00000,0x0000000088b274f0,0x000000008bb00000)
 Metaspace       used 29600K, capacity 29667K, committed 29952K, reserved 1075200K
  class space    used 3948K, capacity 3970K, committed 4096K, reserved 1048576K
}
Event: 11.299 GC heap before
{Heap before GC invocations=11 (full 1):
 PSYoungGen      total 132608K, used 113984K [0x00000000d6f80000, 0x00000000e0e80000, 0x0000000100000000)
  eden space 109568K, 100% used [0x00000000d6f80000,0x00000000dda80000,0x00000000dda80000)
  from space 23040K, 19% used [0x00000000dda80000,0x00000000dded0000,0x00000000df100000)
  to   space 23040K, 0% used [0x00000000df800000,0x00000000df800000,0x00000000e0e80000)
 ParOldGen       total 111616K, used 62621K [0x0000000084e00000, 0x000000008bb00000, 0x00000000d6f80000)
  object space 111616K, 56% used [0x0000000084e00000,0x0000000088b274f0,0x000000008bb00000)
 Metaspace       used 32274K, capacity 32355K, committed 32512K, reserved 1077248K
  class space    used 4270K, capacity 4290K, committed 4352K, reserved 1048576K
Event: 11.321 GC heap after
Heap after GC invocations=11 (full 1):
 PSYoungGen      total 139264K, used 14900K [0x00000000d6f80000, 0x00000000e0f00000, 0x0000000100000000)
  eden space 116224K, 0% used [0x00000000d6f80000,0x00000000d6f80000,0x00000000de100000)
  from space 23040K, 64% used [0x00000000df800000,0x00000000e068d250,0x00000000e0e80000)
  to   space 23552K, 0% used [0x00000000de100000,0x00000000de100000,0x00000000df800000)
 ParOldGen       total 111616K, used 62629K [0x0000000084e00000, 0x000000008bb00000, 0x00000000d6f80000)
  object space 111616K, 56% used [0x0000000084e00000,0x0000000088b294f0,0x000000008bb00000)
 Metaspace       used 32274K, capacity 32355K, committed 32512K, reserved 1077248K
  class space    used 4270K, capacity 4290K, committed 4352K, reserved 1048576K
}
Event: 12.979 GC heap before
{Heap before GC invocations=12 (full 1):
 PSYoungGen      total 139264K, used 131124K [0x00000000d6f80000, 0x00000000e0f00000, 0x0000000100000000)
  eden space 116224K, 100% used [0x00000000d6f80000,0x00000000de100000,0x00000000de100000)
  from space 23040K, 64% used [0x00000000df800000,0x00000000e068d250,0x00000000e0e80000)
  to   space 23552K, 0% used [0x00000000de100000,0x00000000de100000,0x00000000df800000)
 ParOldGen       total 111616K, used 62629K [0x0000000084e00000, 0x000000008bb00000, 0x00000000d6f80000)
  object space 111616K, 56% used [0x0000000084e00000,0x0000000088b294f0,0x000000008bb00000)
 Metaspace       used 33289K, capacity 33379K, committed 33664K, reserved 1079296K
  class space    used 4397K, capacity 4418K, committed 4480K, reserved 1048576K
Event: 13.003 GC heap after
Heap after GC invocations=12 (full 1):
 PSYoungGen      total 139776K, used 18834K [0x00000000d6f80000, 0x00000000e1900000, 0x0000000100000000)
  eden space 116224K, 0% used [0x00000000d6f80000,0x00000000d6f80000,0x00000000de100000)
  from space 23552K, 79% used [0x00000000de100000,0x00000000df364a88,0x00000000df800000)
  to   space 25088K, 0% used [0x00000000e0080000,0x00000000e0080000,0x00000000e1900000)
 ParOldGen       total 111616K, used 62637K [0x0000000084e00000, 0x000000008bb00000, 0x00000000d6f80000)
  object space 111616K, 56% used [0x0000000084e00000,0x0000000088b2b4f0,0x000000008bb00000)
 Metaspace       used 33289K, capacity 33379K, committed 33664K, reserved 1079296K
  class space    used 4397K, capacity 4418K, committed 4480K, reserved 1048576K
}
Event: 14.086 GC heap before
{Heap before GC invocations=13 (full 1):
 PSYoungGen      total 139776K, used 90564K [0x00000000d6f80000, 0x00000000e1900000, 0x0000000100000000)
  eden space 116224K, 61% used [0x00000000d6f80000,0x00000000db58c8c8,0x00000000de100000)
  from space 23552K, 79% used [0x00000000de100000,0x00000000df364a88,0x00000000df800000)
  to   space 25088K, 0% used [0x00000000e0080000,0x00000000e0080000,0x00000000e1900000)
 ParOldGen       total 111616K, used 62637K [0x0000000084e00000, 0x000000008bb00000, 0x00000000d6f80000)
  object space 111616K, 56% used [0x0000000084e00000,0x0000000088b2b4f0,0x000000008bb00000)
 Metaspace       used 35215K, capacity 35235K, committed 35416K, reserved 1079296K
  class space    used 4598K, capacity 4610K, committed 4696K, reserved 1048576K
Event: 14.117 GC heap after
Heap after GC invocations=13 (full 1):
 PSYoungGen      total 145920K, used 22914K [0x00000000d6f80000, 0x00000000e1f80000, 0x0000000100000000)
  eden space 120832K, 0% used [0x00000000d6f80000,0x00000000d6f80000,0x00000000de580000)
  from space 25088K, 91% used [0x00000000e0080000,0x00000000e16e0be0,0x00000000e1900000)
  to   space 27648K, 0% used [0x00000000de580000,0x00000000de580000,0x00000000e0080000)
 ParOldGen       total 111616K, used 62645K [0x0000000084e00000, 0x000000008bb00000, 0x00000000d6f80000)
  object space 111616K, 56% used [0x0000000084e00000,0x0000000088b2d4f0,0x000000008bb00000)
 Metaspace       used 35215K, capacity 35235K, committed 35416K, reserved 1079296K
  class space    used 4598K, capacity 4610K, committed 4696K, reserved 1048576K
}
Event: 14.117 GC heap before
{Heap before GC invocations=14 (full 2):
 PSYoungGen      total 145920K, used 22914K [0x00000000d6f80000, 0x00000000e1f80000, 0x0000000100000000)
  eden space 120832K, 0% used [0x00000000d6f80000,0x00000000d6f80000,0x00000000de580000)
  from space 25088K, 91% used [0x00000000e0080000,0x00000000e16e0be0,0x00000000e1900000)
  to   space 27648K, 0% used [0x00000000de580000,0x00000000de580000,0x00000000e0080000)
 ParOldGen       total 111616K, used 62645K [0x0000000084e00000, 0x000000008bb00000, 0x00000000d6f80000)
  object space 111616K, 56% used [0x0000000084e00000,0x0000000088b2d4f0,0x000000008bb00000)
 Metaspace       used 35215K, capacity 35235K, committed 35416K, reserved 1079296K
  class space    used 4598K, capacity 4610K, committed 4696K, reserved 1048576K
Event: 14.296 GC heap after
Heap after GC invocations=14 (full 2):
 PSYoungGen      total 145920K, used 0K [0x00000000d6f80000, 0x00000000e1f80000, 0x0000000100000000)
  eden space 120832K, 0% used [0x00000000d6f80000,0x00000000d6f80000,0x00000000de580000)
  from space 25088K, 0% used [0x00000000e0080000,0x00000000e0080000,0x00000000e1900000)
  to   space 27648K, 0% used [0x00000000de580000,0x00000000de580000,0x00000000e0080000)
 ParOldGen       total 190464K, used 68797K [0x0000000084e00000, 0x0000000090800000, 0x00000000d6f80000)
  object space 190464K, 36% used [0x0000000084e00000,0x000000008912f650,0x0000000090800000)
 Metaspace       used 35215K, capacity 35235K, committed 35416K, reserved 1079296K
  class space    used 4598K, capacity 4610K, committed 4696K, reserved 1048576K
}
Event: 15.536 GC heap before
{Heap before GC invocations=15 (full 2):
 PSYoungGen      total 145920K, used 120832K [0x00000000d6f80000, 0x00000000e1f80000, 0x0000000100000000)
  eden space 120832K, 100% used [0x00000000d6f80000,0x00000000de580000,0x00000000de580000)
  from space 25088K, 0% used [0x00000000e0080000,0x00000000e0080000,0x00000000e1900000)
  to   space 27648K, 0% used [0x00000000de580000,0x00000000de580000,0x00000000e0080000)
 ParOldGen       total 190464K, used 68797K [0x0000000084e00000, 0x0000000090800000, 0x00000000d6f80000)
  object space 190464K, 36% used [0x0000000084e00000,0x000000008912f650,0x0000000090800000)
 Metaspace       used 38189K, capacity 38243K, committed 38488K, reserved 1083392K
  class space    used 4924K, capacity 4930K, committed 4952K, reserved 1048576K

